<?xml version="1.0" encoding="UTF-8"?>
<testsuite name="inf.isoToName.IsoToNameApplicationTests" tests="1" skipped="0" failures="0" errors="0" timestamp="2023-04-23T13:26:10" hostname="lukas-ThinkPad-L380-Yoga" time="0.289">
  <properties/>
  <testcase name="contextLoads()" classname="inf.isoToName.IsoToNameApplicationTests" time="0.289"/>
  <system-out><![CDATA[15:26:09.291 [Test worker] DEBUG org.springframework.boot.test.context.SpringBootTestContextBootstrapper -- Neither @ContextConfiguration nor @ContextHierarchy found for test class [IsoToNameApplicationTests]: using SpringBootContextLoader
15:26:09.299 [Test worker] DEBUG org.springframework.test.context.support.AbstractContextLoader -- Could not detect default resource locations for test class [inf.isoToName.IsoToNameApplicationTests]: no resource found for suffixes {-context.xml, Context.groovy}.
15:26:09.300 [Test worker] INFO org.springframework.test.context.support.AnnotationConfigContextLoaderUtils -- Could not detect default configuration classes for test class [inf.isoToName.IsoToNameApplicationTests]: IsoToNameApplicationTests does not declare any static, non-private, non-final, nested classes annotated with @Configuration.
15:26:09.321 [Test worker] DEBUG org.springframework.boot.test.context.SpringBootTestContextBootstrapper -- Using ContextCustomizers for test class [IsoToNameApplicationTests]: [DisableObservabilityContextCustomizer, PropertyMappingContextCustomizer, Customizer, ExcludeFilterContextCustomizer, DuplicateJsonObjectContextCustomizer, MockitoContextCustomizer, TestRestTemplateContextCustomizer]
15:26:09.377 [Test worker] DEBUG org.springframework.context.annotation.ClassPathScanningCandidateComponentProvider -- Identified candidate component class: file [/home/lukas/Documents/ss2023/sqs23/build/classes/java/main/inf/isoToName/IsoToNameApplication.class]
15:26:09.378 [Test worker] INFO org.springframework.boot.test.context.SpringBootTestContextBootstrapper -- Found @SpringBootConfiguration inf.isoToName.IsoToNameApplication for test class inf.isoToName.IsoToNameApplicationTests
15:26:09.449 [Test worker] DEBUG org.springframework.test.context.util.TestContextSpringFactoriesUtils -- Skipping candidate TestExecutionListener [org.springframework.test.context.transaction.TransactionalTestExecutionListener] due to a missing dependency. Specify custom TestExecutionListener classes or make the default TestExecutionListener classes and their required dependencies available. Offending class: [org/springframework/transaction/interceptor/TransactionAttributeSource]
15:26:09.450 [Test worker] DEBUG org.springframework.test.context.util.TestContextSpringFactoriesUtils -- Skipping candidate TestExecutionListener [org.springframework.test.context.jdbc.SqlScriptsTestExecutionListener] due to a missing dependency. Specify custom TestExecutionListener classes or make the default TestExecutionListener classes and their required dependencies available. Offending class: [org/springframework/transaction/interceptor/TransactionAttribute]
15:26:09.452 [Test worker] DEBUG org.springframework.boot.test.context.SpringBootTestContextBootstrapper -- Using TestExecutionListeners for test class [IsoToNameApplicationTests]: [ServletTestExecutionListener, DirtiesContextBeforeModesTestExecutionListener, ApplicationEventsTestExecutionListener, MockitoTestExecutionListener, DependencyInjectionTestExecutionListener, DirtiesContextTestExecutionListener, EventPublishingTestExecutionListener, RestDocsTestExecutionListener, MockRestServiceServerResetTestExecutionListener, MockMvcPrintOnlyOnFailureTestExecutionListener, WebDriverTestExecutionListener, MockWebServiceServerTestExecutionListener, ResetMocksTestExecutionListener]
15:26:09.454 [Test worker] DEBUG org.springframework.test.context.support.AbstractDirtiesContextTestExecutionListener -- Before test class: class [IsoToNameApplicationTests], class annotated with @DirtiesContext [false] with mode [null]

  .   ____          _            __ _ _
 /\\ / ___'_ __ _ _(_)_ __  __ _ \ \ \ \
( ( )\___ | '_ | '_| | '_ \/ _` | \ \ \ \
 \\/  ___)| |_)| | | | | || (_| |  ) ) ) )
  '  |____| .__|_| |_|_| |_\__, | / / / /
 =========|_|==============|___/=/_/_/_/
 :: Spring Boot ::                (v3.0.6)

2023-04-23T15:26:09.692+02:00  INFO 13433 --- [    Test worker] i.isoToName.IsoToNameApplicationTests    : Starting IsoToNameApplicationTests using Java 18 with PID 13433 (started by lukas in /home/lukas/Documents/ss2023/sqs23)
2023-04-23T15:26:09.693+02:00  INFO 13433 --- [    Test worker] i.isoToName.IsoToNameApplicationTests    : No active profile set, falling back to 1 default profile: "default"
2023-04-23T15:26:10.588+02:00  INFO 13433 --- [    Test worker] i.isoToName.IsoToNameApplicationTests    : Started IsoToNameApplicationTests in 1.096 seconds (process running for 2.445)
]]></system-out>
  <system-err><![CDATA[]]></system-err>
</testsuite>
